0 info it worked if it ends with ok
1 verbose cli [ '/usr/local/Cellar/node/7.5.0/bin/node',
1 verbose cli   '/usr/local/bin/npm',
1 verbose cli   'run',
1 verbose cli   'test' ]
2 info using npm@4.1.2
3 info using node@v7.5.0
4 verbose run-script [ 'pretest', 'test', 'posttest' ]
5 info lifecycle api@1.0.0~pretest: api@1.0.0
6 verbose lifecycle api@1.0.0~pretest: unsafe-perm in lifecycle true
7 verbose lifecycle api@1.0.0~pretest: PATH: /usr/local/lib/node_modules/npm/bin/node-gyp-bin:/Users/justin/code/Vrify/question3Api/node_modules/.bin:/Users/jclapper/.rvm/gems/ruby-2.4.3/bin:/Users/justin/code/clio/Go/bin:/Users/justin/.rvm/gems/ruby-2.4.1/bin:/Users/justin/.rvm/gems/ruby-2.4.1@global/bin:/Users/justin/.rvm/rubies/ruby-2.4.1/bin:/Users/jclapper/.rvm/rubies/ruby-2.4.3/bin:/usr/local/opt/node@6/bin:/usr/local/opt/percona-server@5.6/bin:/usr/local/opt/qt@5.5/bin:/Applications/SQLAnywhere16/System/bin64s/:/usr/local/bin:/usr/local/bin:/usr/bin:/bin:/usr/sbin:/sbin:/usr/local/share/dotnet:~/.dotnet/tools:/Library/Frameworks/Mono.framework/Versions/Current/Commands:/Users/justin/code/Vrify/question3Api/node_modules/.bin:/Users/jclapper/.rvm/gems/ruby-2.4.3/bin:/Users/justin/code/clio/Go/bin:/Users/justin/.nvm/versions/node/v13.2.0/bin:/Users/justin/.rvm/gems/ruby-2.4.1/bin:/Users/justin/.rvm/gems/ruby-2.4.1@global/bin:/Users/justin/.rvm/rubies/ruby-2.4.1/bin:/Users/jclapper/.rvm/rubies/ruby-2.4.3/bin:/usr/local/opt/node@6/bin:/usr/local/opt/percona-server@5.6/bin:/usr/local/opt/qt@5.5/bin:/Applications/SQLAnywhere16/System/bin64s/:/Users/justin/.rvm/bin:~/Library/Python/3.6/bin:/usr/local/Cellar/python/3.7.1/Frameworks/Python.framework/Versions/3.7/bin:/Users/justin/.rvm/bin:/usr/local/bin:~/Library/Python/3.6/bin:/usr/local/Cellar/python/3.7.1/Frameworks/Python.framework/Versions/3.7/bin
8 verbose lifecycle api@1.0.0~pretest: CWD: /Users/justin/code/Vrify/question3Api
9 silly lifecycle api@1.0.0~pretest: Args: [ '-c', 'cross-env NODE_ENV=test npm run migrate:reset' ]
10 silly lifecycle api@1.0.0~pretest: Returned: code: 1  signal: null
11 info lifecycle api@1.0.0~pretest: Failed to exec pretest script
12 verbose stack Error: api@1.0.0 pretest: `cross-env NODE_ENV=test npm run migrate:reset`
12 verbose stack Exit status 1
12 verbose stack     at EventEmitter.<anonymous> (/usr/local/lib/node_modules/npm/lib/utils/lifecycle.js:279:16)
12 verbose stack     at emitTwo (events.js:106:13)
12 verbose stack     at EventEmitter.emit (events.js:192:7)
12 verbose stack     at ChildProcess.<anonymous> (/usr/local/lib/node_modules/npm/lib/utils/spawn.js:40:14)
12 verbose stack     at emitTwo (events.js:106:13)
12 verbose stack     at ChildProcess.emit (events.js:192:7)
12 verbose stack     at maybeClose (internal/child_process.js:890:16)
12 verbose stack     at Process.ChildProcess._handle.onexit (internal/child_process.js:226:5)
13 verbose pkgid api@1.0.0
14 verbose cwd /Users/justin/code/Vrify/question3Api
15 error Darwin 17.7.0
16 error argv "/usr/local/Cellar/node/7.5.0/bin/node" "/usr/local/bin/npm" "run" "test"
17 error node v7.5.0
18 error npm  v4.1.2
19 error code ELIFECYCLE
20 error api@1.0.0 pretest: `cross-env NODE_ENV=test npm run migrate:reset`
20 error Exit status 1
21 error Failed at the api@1.0.0 pretest script 'cross-env NODE_ENV=test npm run migrate:reset'.
21 error Make sure you have the latest version of node.js and npm installed.
21 error If you do, this is most likely a problem with the api package,
21 error not with npm itself.
21 error Tell the author that this fails on your system:
21 error     cross-env NODE_ENV=test npm run migrate:reset
21 error You can get information on how to open an issue for this project with:
21 error     npm bugs api
21 error Or if that isn't available, you can get their info via:
21 error     npm owner ls api
21 error There is likely additional logging output above.
22 verbose exit [ 1, true ]
